Classic Timing Analyzer report for usedownload
Mon May 10 22:33:43 2021
Quartus II Version 9.0 Build 184 04/29/2009 Service Pack 1 SJ Web Edition


---------------------
; Table of Contents ;
---------------------
  1. Legal Notice
  2. Timing Analyzer Summary
  3. Timing Analyzer Settings
  4. Clock Settings Summary
  5. Parallel Compilation
  6. Clock Setup: 'clk'
  7. tsu
  8. tco
  9. th
 10. Timing Analyzer Messages



----------------
; Legal Notice ;
----------------
Copyright (C) 1991-2009 Altera Corporation
Your use of Altera Corporation's design tools, logic functions 
and other software and tools, and its AMPP partner logic 
functions, and any output files from any of the foregoing 
(including device programming or simulation files), and any 
associated documentation or information are expressly subject 
to the terms and conditions of the Altera Program License 
Subscription Agreement, Altera MegaCore Function License 
Agreement, or other applicable license agreement, including, 
without limitation, that your use is for the sole purpose of 
programming logic devices manufactured by Altera and sold by 
Altera or its authorized distributors.  Please refer to the 
applicable agreement for further details.



+-------------------------------------------------------------------------------------------------------------------------------------------------------------------------------------------------------------------------------+
; Timing Analyzer Summary                                                                                                                                                                                                       ;
+------------------------------+-------+---------------+------------------------------------------------+--------------------------------------+-----------------------------------------+------------+----------+--------------+
; Type                         ; Slack ; Required Time ; Actual Time                                    ; From                                 ; To                                      ; From Clock ; To Clock ; Failed Paths ;
+------------------------------+-------+---------------+------------------------------------------------+--------------------------------------+-----------------------------------------+------------+----------+--------------+
; Worst-case tsu               ; N/A   ; None          ; 5.857 ns                                       ; D[3]                                 ; D:inst4|lpm_ff:lpm_ff_component|dffs[3] ; --         ; clk      ; 0            ;
; Worst-case tco               ; N/A   ; None          ; 9.839 ns                                       ; usedownload:inst|fstate.wait_rxf_low ; rd                                      ; clk        ; --       ; 0            ;
; Worst-case th                ; N/A   ; None          ; -4.432 ns                                      ; D[2]                                 ; D:inst4|lpm_ff:lpm_ff_component|dffs[2] ; --         ; clk      ; 0            ;
; Clock Setup: 'clk'           ; N/A   ; None          ; Restricted to 340.02 MHz ( period = 2.941 ns ) ; usedownload:inst|fstate.wait_rxf_low ; D:inst4|lpm_ff:lpm_ff_component|dffs[0] ; clk        ; clk      ; 0            ;
; Total number of failed paths ;       ;               ;                                                ;                                      ;                                         ;            ;          ; 0            ;
+------------------------------+-------+---------------+------------------------------------------------+--------------------------------------+-----------------------------------------+------------+----------+--------------+


+--------------------------------------------------------------------------------------------------------------------+
; Timing Analyzer Settings                                                                                           ;
+---------------------------------------------------------------------+--------------------+------+----+-------------+
; Option                                                              ; Setting            ; From ; To ; Entity Name ;
+---------------------------------------------------------------------+--------------------+------+----+-------------+
; Device Name                                                         ; EP2C5T144C8        ;      ;    ;             ;
; Timing Models                                                       ; Final              ;      ;    ;             ;
; Default hold multicycle                                             ; Same as Multicycle ;      ;    ;             ;
; Cut paths between unrelated clock domains                           ; On                 ;      ;    ;             ;
; Cut off read during write signal paths                              ; On                 ;      ;    ;             ;
; Cut off feedback from I/O pins                                      ; On                 ;      ;    ;             ;
; Report Combined Fast/Slow Timing                                    ; Off                ;      ;    ;             ;
; Ignore Clock Settings                                               ; Off                ;      ;    ;             ;
; Analyze latches as synchronous elements                             ; On                 ;      ;    ;             ;
; Enable Recovery/Removal analysis                                    ; Off                ;      ;    ;             ;
; Enable Clock Latency                                                ; Off                ;      ;    ;             ;
; Use TimeQuest Timing Analyzer                                       ; Off                ;      ;    ;             ;
; Minimum Core Junction Temperature                                   ; 0                  ;      ;    ;             ;
; Maximum Core Junction Temperature                                   ; 85                 ;      ;    ;             ;
; Number of source nodes to report per destination node               ; 10                 ;      ;    ;             ;
; Number of destination nodes to report                               ; 10                 ;      ;    ;             ;
; Number of paths to report                                           ; 200                ;      ;    ;             ;
; Report Minimum Timing Checks                                        ; Off                ;      ;    ;             ;
; Use Fast Timing Models                                              ; Off                ;      ;    ;             ;
; Report IO Paths Separately                                          ; Off                ;      ;    ;             ;
; Perform Multicorner Analysis                                        ; On                 ;      ;    ;             ;
; Reports the worst-case path for each clock domain and analysis      ; Off                ;      ;    ;             ;
; Removes common clock path pessimism (CCPP) during slack computation ; Off                ;      ;    ;             ;
; Output I/O Timing Endpoint                                          ; Near End           ;      ;    ;             ;
+---------------------------------------------------------------------+--------------------+------+----+-------------+


+------------------------------------------------------------------------------------------------------------------------------------------------------------------------------------+
; Clock Settings Summary                                                                                                                                                             ;
+-----------------+--------------------+----------+------------------+---------------+--------------+----------+-----------------------+---------------------+--------+--------------+
; Clock Node Name ; Clock Setting Name ; Type     ; Fmax Requirement ; Early Latency ; Late Latency ; Based on ; Multiply Base Fmax by ; Divide Base Fmax by ; Offset ; Phase offset ;
+-----------------+--------------------+----------+------------------+---------------+--------------+----------+-----------------------+---------------------+--------+--------------+
; clk             ;                    ; User Pin ; None             ; 0.000 ns      ; 0.000 ns     ; --       ; N/A                   ; N/A                 ; N/A    ;              ;
+-----------------+--------------------+----------+------------------+---------------+--------------+----------+-----------------------+---------------------+--------+--------------+


Parallel compilation was disabled, but you have multiple processors available. Enable parallel compilation to reduce compilation time.
+-------------------------------------+
; Parallel Compilation                ;
+----------------------------+--------+
; Processors                 ; Number ;
+----------------------------+--------+
; Number detected on machine ; 4      ;
; Maximum allowed            ; 1      ;
+----------------------------+--------+


+------------------------------------------------------------------------------------------------------------------------------------------------------------------------------------------------------------------------------------------------------------------+
; Clock Setup: 'clk'                                                                                                                                                                                                                                               ;
+-------+------------------------------------------------+----------------------------------------------+----------------------------------------------+------------+----------+-----------------------------+---------------------------+-------------------------+
; Slack ; Actual fmax (period)                           ; From                                         ; To                                           ; From Clock ; To Clock ; Required Setup Relationship ; Required Longest P2P Time ; Actual Longest P2P Time ;
+-------+------------------------------------------------+----------------------------------------------+----------------------------------------------+------------+----------+-----------------------------+---------------------------+-------------------------+
; N/A   ; Restricted to 340.02 MHz ( period = 2.941 ns ) ; usedownload:inst|fstate.wait_rxf_low         ; D:inst4|lpm_ff:lpm_ff_component|dffs[7]      ; clk        ; clk      ; None                        ; None                      ; 1.260 ns                ;
; N/A   ; Restricted to 340.02 MHz ( period = 2.941 ns ) ; usedownload:inst|fstate.wait_rxf_low         ; D:inst4|lpm_ff:lpm_ff_component|dffs[6]      ; clk        ; clk      ; None                        ; None                      ; 1.260 ns                ;
; N/A   ; Restricted to 340.02 MHz ( period = 2.941 ns ) ; usedownload:inst|fstate.wait_rxf_low         ; D:inst4|lpm_ff:lpm_ff_component|dffs[5]      ; clk        ; clk      ; None                        ; None                      ; 1.260 ns                ;
; N/A   ; Restricted to 340.02 MHz ( period = 2.941 ns ) ; usedownload:inst|fstate.wait_rxf_low         ; D:inst4|lpm_ff:lpm_ff_component|dffs[4]      ; clk        ; clk      ; None                        ; None                      ; 1.260 ns                ;
; N/A   ; Restricted to 340.02 MHz ( period = 2.941 ns ) ; usedownload:inst|fstate.wait_rxf_low         ; D:inst4|lpm_ff:lpm_ff_component|dffs[3]      ; clk        ; clk      ; None                        ; None                      ; 1.260 ns                ;
; N/A   ; Restricted to 340.02 MHz ( period = 2.941 ns ) ; usedownload:inst|fstate.wait_rxf_low         ; D:inst4|lpm_ff:lpm_ff_component|dffs[2]      ; clk        ; clk      ; None                        ; None                      ; 1.260 ns                ;
; N/A   ; Restricted to 340.02 MHz ( period = 2.941 ns ) ; usedownload:inst|fstate.wait_rxf_low         ; D:inst4|lpm_ff:lpm_ff_component|dffs[1]      ; clk        ; clk      ; None                        ; None                      ; 1.260 ns                ;
; N/A   ; Restricted to 340.02 MHz ( period = 2.941 ns ) ; usedownload:inst|fstate.wait_rxf_low         ; D:inst4|lpm_ff:lpm_ff_component|dffs[0]      ; clk        ; clk      ; None                        ; None                      ; 1.260 ns                ;
; N/A   ; Restricted to 340.02 MHz ( period = 2.941 ns ) ; usedownload:inst|fstate.wait_rxf_low         ; usedownload:inst|fstate.set_rd_low           ; clk        ; clk      ; None                        ; None                      ; 0.754 ns                ;
; N/A   ; Restricted to 340.02 MHz ( period = 2.941 ns ) ; usedownload:inst|fstate.set_rd_low           ; usedownload:inst|fstate.latch_data_from_host ; clk        ; clk      ; None                        ; None                      ; 0.737 ns                ;
; N/A   ; Restricted to 340.02 MHz ( period = 2.941 ns ) ; usedownload:inst|fstate.latch_data_from_host ; usedownload:inst|fstate.wait_rxf_low         ; clk        ; clk      ; None                        ; None                      ; 0.735 ns                ;
; N/A   ; Restricted to 340.02 MHz ( period = 2.941 ns ) ; usedownload:inst|fstate.wait_rxf_low         ; usedownload:inst|fstate.wait_rxf_low         ; clk        ; clk      ; None                        ; None                      ; 0.501 ns                ;
+-------+------------------------------------------------+----------------------------------------------+----------------------------------------------+------------+----------+-----------------------------+---------------------------+-------------------------+


+-----------------------------------------------------------------------------------------------+
; tsu                                                                                           ;
+-------+--------------+------------+------+-----------------------------------------+----------+
; Slack ; Required tsu ; Actual tsu ; From ; To                                      ; To Clock ;
+-------+--------------+------------+------+-----------------------------------------+----------+
; N/A   ; None         ; 5.857 ns   ; D[3] ; D:inst4|lpm_ff:lpm_ff_component|dffs[3] ; clk      ;
; N/A   ; None         ; 5.833 ns   ; D[7] ; D:inst4|lpm_ff:lpm_ff_component|dffs[7] ; clk      ;
; N/A   ; None         ; 5.817 ns   ; Rxf  ; usedownload:inst|fstate.wait_rxf_low    ; clk      ;
; N/A   ; None         ; 5.773 ns   ; D[6] ; D:inst4|lpm_ff:lpm_ff_component|dffs[6] ; clk      ;
; N/A   ; None         ; 5.689 ns   ; D[4] ; D:inst4|lpm_ff:lpm_ff_component|dffs[4] ; clk      ;
; N/A   ; None         ; 5.676 ns   ; D[5] ; D:inst4|lpm_ff:lpm_ff_component|dffs[5] ; clk      ;
; N/A   ; None         ; 5.514 ns   ; Rxf  ; usedownload:inst|fstate.set_rd_low      ; clk      ;
; N/A   ; None         ; 5.206 ns   ; D[1] ; D:inst4|lpm_ff:lpm_ff_component|dffs[1] ; clk      ;
; N/A   ; None         ; 5.042 ns   ; D[0] ; D:inst4|lpm_ff:lpm_ff_component|dffs[0] ; clk      ;
; N/A   ; None         ; 4.698 ns   ; D[2] ; D:inst4|lpm_ff:lpm_ff_component|dffs[2] ; clk      ;
+-------+--------------+------------+------+-----------------------------------------+----------+


+----------------------------------------------------------------------------------------------------+
; tco                                                                                                ;
+-------+--------------+------------+-----------------------------------------+---------+------------+
; Slack ; Required tco ; Actual tco ; From                                    ; To      ; From Clock ;
+-------+--------------+------------+-----------------------------------------+---------+------------+
; N/A   ; None         ; 9.839 ns   ; usedownload:inst|fstate.wait_rxf_low    ; rd      ; clk        ;
; N/A   ; None         ; 7.656 ns   ; D:inst4|lpm_ff:lpm_ff_component|dffs[7] ; dout[7] ; clk        ;
; N/A   ; None         ; 7.649 ns   ; D:inst4|lpm_ff:lpm_ff_component|dffs[6] ; dout[6] ; clk        ;
; N/A   ; None         ; 7.411 ns   ; D:inst4|lpm_ff:lpm_ff_component|dffs[1] ; dout[1] ; clk        ;
; N/A   ; None         ; 7.408 ns   ; D:inst4|lpm_ff:lpm_ff_component|dffs[2] ; dout[2] ; clk        ;
; N/A   ; None         ; 7.292 ns   ; D:inst4|lpm_ff:lpm_ff_component|dffs[4] ; dout[4] ; clk        ;
; N/A   ; None         ; 7.291 ns   ; D:inst4|lpm_ff:lpm_ff_component|dffs[3] ; dout[3] ; clk        ;
; N/A   ; None         ; 7.290 ns   ; D:inst4|lpm_ff:lpm_ff_component|dffs[5] ; dout[5] ; clk        ;
; N/A   ; None         ; 6.850 ns   ; D:inst4|lpm_ff:lpm_ff_component|dffs[0] ; dout[0] ; clk        ;
+-------+--------------+------------+-----------------------------------------+---------+------------+


+-----------------------------------------------------------------------------------------------------+
; th                                                                                                  ;
+---------------+-------------+-----------+------+-----------------------------------------+----------+
; Minimum Slack ; Required th ; Actual th ; From ; To                                      ; To Clock ;
+---------------+-------------+-----------+------+-----------------------------------------+----------+
; N/A           ; None        ; -4.432 ns ; D[2] ; D:inst4|lpm_ff:lpm_ff_component|dffs[2] ; clk      ;
; N/A           ; None        ; -4.776 ns ; D[0] ; D:inst4|lpm_ff:lpm_ff_component|dffs[0] ; clk      ;
; N/A           ; None        ; -4.940 ns ; D[1] ; D:inst4|lpm_ff:lpm_ff_component|dffs[1] ; clk      ;
; N/A           ; None        ; -5.248 ns ; Rxf  ; usedownload:inst|fstate.set_rd_low      ; clk      ;
; N/A           ; None        ; -5.410 ns ; D[5] ; D:inst4|lpm_ff:lpm_ff_component|dffs[5] ; clk      ;
; N/A           ; None        ; -5.423 ns ; D[4] ; D:inst4|lpm_ff:lpm_ff_component|dffs[4] ; clk      ;
; N/A           ; None        ; -5.507 ns ; D[6] ; D:inst4|lpm_ff:lpm_ff_component|dffs[6] ; clk      ;
; N/A           ; None        ; -5.551 ns ; Rxf  ; usedownload:inst|fstate.wait_rxf_low    ; clk      ;
; N/A           ; None        ; -5.567 ns ; D[7] ; D:inst4|lpm_ff:lpm_ff_component|dffs[7] ; clk      ;
; N/A           ; None        ; -5.591 ns ; D[3] ; D:inst4|lpm_ff:lpm_ff_component|dffs[3] ; clk      ;
+---------------+-------------+-----------+------+-----------------------------------------+----------+


+--------------------------+
; Timing Analyzer Messages ;
+--------------------------+
Info: *******************************************************************
Info: Running Quartus II Classic Timing Analyzer
    Info: Version 9.0 Build 184 04/29/2009 Service Pack 1 SJ Web Edition
    Info: Processing started: Mon May 10 22:33:43 2021
Info: Command: quartus_tan --read_settings_files=off --write_settings_files=off usedownload -c usedownload --timing_analysis_only
Warning: Found pins functioning as undefined clocks and/or memory enables
    Info: Assuming node "clk" is an undefined clock
Info: Clock "clk" Internal fmax is restricted to 340.02 MHz between source register "usedownload:inst|fstate.wait_rxf_low" and destination register "D:inst4|lpm_ff:lpm_ff_component|dffs[7]"
    Info: fmax restricted to clock pin edge rate 2.941 ns. Expand message to see actual delay path.
        Info: + Longest register to register delay is 1.260 ns
            Info: 1: + IC(0.000 ns) + CELL(0.000 ns) = 0.000 ns; Loc. = LCFF_X27_Y11_N1; Fanout = 11; REG Node = 'usedownload:inst|fstate.wait_rxf_low'
            Info: 2: + IC(0.405 ns) + CELL(0.855 ns) = 1.260 ns; Loc. = LCFF_X27_Y11_N3; Fanout = 1; REG Node = 'D:inst4|lpm_ff:lpm_ff_component|dffs[7]'
            Info: Total cell delay = 0.855 ns ( 67.86 % )
            Info: Total interconnect delay = 0.405 ns ( 32.14 % )
        Info: - Smallest clock skew is 0.000 ns
            Info: + Shortest clock path from clock "clk" to destination register is 2.780 ns
                Info: 1: + IC(0.000 ns) + CELL(1.110 ns) = 1.110 ns; Loc. = PIN_91; Fanout = 1; CLK Node = 'clk'
                Info: 2: + IC(0.143 ns) + CELL(0.000 ns) = 1.253 ns; Loc. = CLKCTRL_G6; Fanout = 11; COMB Node = 'clk~clkctrl'
                Info: 3: + IC(0.861 ns) + CELL(0.666 ns) = 2.780 ns; Loc. = LCFF_X27_Y11_N3; Fanout = 1; REG Node = 'D:inst4|lpm_ff:lpm_ff_component|dffs[7]'
                Info: Total cell delay = 1.776 ns ( 63.88 % )
                Info: Total interconnect delay = 1.004 ns ( 36.12 % )
            Info: - Longest clock path from clock "clk" to source register is 2.780 ns
                Info: 1: + IC(0.000 ns) + CELL(1.110 ns) = 1.110 ns; Loc. = PIN_91; Fanout = 1; CLK Node = 'clk'
                Info: 2: + IC(0.143 ns) + CELL(0.000 ns) = 1.253 ns; Loc. = CLKCTRL_G6; Fanout = 11; COMB Node = 'clk~clkctrl'
                Info: 3: + IC(0.861 ns) + CELL(0.666 ns) = 2.780 ns; Loc. = LCFF_X27_Y11_N1; Fanout = 11; REG Node = 'usedownload:inst|fstate.wait_rxf_low'
                Info: Total cell delay = 1.776 ns ( 63.88 % )
                Info: Total interconnect delay = 1.004 ns ( 36.12 % )
        Info: + Micro clock to output delay of source is 0.304 ns
        Info: + Micro setup delay of destination is -0.040 ns
Info: tsu for register "D:inst4|lpm_ff:lpm_ff_component|dffs[3]" (data pin = "D[3]", clock pin = "clk") is 5.857 ns
    Info: + Longest pin to register delay is 8.677 ns
        Info: 1: + IC(0.000 ns) + CELL(0.945 ns) = 0.945 ns; Loc. = PIN_24; Fanout = 1; PIN Node = 'D[3]'
        Info: 2: + IC(7.272 ns) + CELL(0.460 ns) = 8.677 ns; Loc. = LCFF_X27_Y11_N11; Fanout = 1; REG Node = 'D:inst4|lpm_ff:lpm_ff_component|dffs[3]'
        Info: Total cell delay = 1.405 ns ( 16.19 % )
        Info: Total interconnect delay = 7.272 ns ( 83.81 % )
    Info: + Micro setup delay of destination is -0.040 ns
    Info: - Shortest clock path from clock "clk" to destination register is 2.780 ns
        Info: 1: + IC(0.000 ns) + CELL(1.110 ns) = 1.110 ns; Loc. = PIN_91; Fanout = 1; CLK Node = 'clk'
        Info: 2: + IC(0.143 ns) + CELL(0.000 ns) = 1.253 ns; Loc. = CLKCTRL_G6; Fanout = 11; COMB Node = 'clk~clkctrl'
        Info: 3: + IC(0.861 ns) + CELL(0.666 ns) = 2.780 ns; Loc. = LCFF_X27_Y11_N11; Fanout = 1; REG Node = 'D:inst4|lpm_ff:lpm_ff_component|dffs[3]'
        Info: Total cell delay = 1.776 ns ( 63.88 % )
        Info: Total interconnect delay = 1.004 ns ( 36.12 % )
Info: tco from clock "clk" to destination pin "rd" through register "usedownload:inst|fstate.wait_rxf_low" is 9.839 ns
    Info: + Longest clock path from clock "clk" to source register is 2.780 ns
        Info: 1: + IC(0.000 ns) + CELL(1.110 ns) = 1.110 ns; Loc. = PIN_91; Fanout = 1; CLK Node = 'clk'
        Info: 2: + IC(0.143 ns) + CELL(0.000 ns) = 1.253 ns; Loc. = CLKCTRL_G6; Fanout = 11; COMB Node = 'clk~clkctrl'
        Info: 3: + IC(0.861 ns) + CELL(0.666 ns) = 2.780 ns; Loc. = LCFF_X27_Y11_N1; Fanout = 11; REG Node = 'usedownload:inst|fstate.wait_rxf_low'
        Info: Total cell delay = 1.776 ns ( 63.88 % )
        Info: Total interconnect delay = 1.004 ns ( 36.12 % )
    Info: + Micro clock to output delay of source is 0.304 ns
    Info: + Longest register to pin delay is 6.755 ns
        Info: 1: + IC(0.000 ns) + CELL(0.000 ns) = 0.000 ns; Loc. = LCFF_X27_Y11_N1; Fanout = 11; REG Node = 'usedownload:inst|fstate.wait_rxf_low'
        Info: 2: + IC(3.499 ns) + CELL(3.256 ns) = 6.755 ns; Loc. = PIN_143; Fanout = 0; PIN Node = 'rd'
        Info: Total cell delay = 3.256 ns ( 48.20 % )
        Info: Total interconnect delay = 3.499 ns ( 51.80 % )
Info: th for register "D:inst4|lpm_ff:lpm_ff_component|dffs[2]" (data pin = "D[2]", clock pin = "clk") is -4.432 ns
    Info: + Longest clock path from clock "clk" to destination register is 2.780 ns
        Info: 1: + IC(0.000 ns) + CELL(1.110 ns) = 1.110 ns; Loc. = PIN_91; Fanout = 1; CLK Node = 'clk'
        Info: 2: + IC(0.143 ns) + CELL(0.000 ns) = 1.253 ns; Loc. = CLKCTRL_G6; Fanout = 11; COMB Node = 'clk~clkctrl'
        Info: 3: + IC(0.861 ns) + CELL(0.666 ns) = 2.780 ns; Loc. = LCFF_X27_Y11_N29; Fanout = 1; REG Node = 'D:inst4|lpm_ff:lpm_ff_component|dffs[2]'
        Info: Total cell delay = 1.776 ns ( 63.88 % )
        Info: Total interconnect delay = 1.004 ns ( 36.12 % )
    Info: + Micro hold delay of destination is 0.306 ns
    Info: - Shortest pin to register delay is 7.518 ns
        Info: 1: + IC(0.000 ns) + CELL(0.945 ns) = 0.945 ns; Loc. = PIN_9; Fanout = 1; PIN Node = 'D[2]'
        Info: 2: + IC(6.259 ns) + CELL(0.206 ns) = 7.410 ns; Loc. = LCCOMB_X27_Y11_N28; Fanout = 1; COMB Node = 'D:inst4|lpm_ff:lpm_ff_component|dffs[2]~feeder'
        Info: 3: + IC(0.000 ns) + CELL(0.108 ns) = 7.518 ns; Loc. = LCFF_X27_Y11_N29; Fanout = 1; REG Node = 'D:inst4|lpm_ff:lpm_ff_component|dffs[2]'
        Info: Total cell delay = 1.259 ns ( 16.75 % )
        Info: Total interconnect delay = 6.259 ns ( 83.25 % )
Info: Quartus II Classic Timing Analyzer was successful. 0 errors, 1 warning
    Info: Peak virtual memory: 189 megabytes
    Info: Processing ended: Mon May 10 22:33:43 2021
    Info: Elapsed time: 00:00:00
    Info: Total CPU time (on all processors): 00:00:00


