Analysis & Synthesis report for dds_top
Sun Apr 25 21:03:15 2021
Quartus II Version 9.0 Build 184 04/29/2009 Service Pack 1 SJ Web Edition


---------------------
; Table of Contents ;
---------------------
  1. Legal Notice
  2. Analysis & Synthesis Summary
  3. Analysis & Synthesis Settings
  4. Analysis & Synthesis Source Files Read
  5. Analysis & Synthesis Messages



----------------
; Legal Notice ;
----------------
Copyright (C) 1991-2009 Altera Corporation
Your use of Altera Corporation's design tools, logic functions 
and other software and tools, and its AMPP partner logic 
functions, and any output files from any of the foregoing 
(including device programming or simulation files), and any 
associated documentation or information are expressly subject 
to the terms and conditions of the Altera Program License 
Subscription Agreement, Altera MegaCore Function License 
Agreement, or other applicable license agreement, including, 
without limitation, that your use is for the sole purpose of 
programming logic devices manufactured by Altera and sold by 
Altera or its authorized distributors.  Please refer to the 
applicable agreement for further details.



+----------------------------------------------------------------------------+
; Analysis & Synthesis Summary                                               ;
+-----------------------------+----------------------------------------------+
; Analysis & Synthesis Status ; Failed - Sun Apr 25 21:03:15 2021            ;
; Quartus II Version          ; 9.0 Build 184 04/29/2009 SP 1 SJ Web Edition ;
; Revision Name               ; dds_top                                      ;
; Top-level Entity Name       ; dds_top                                      ;
; Family                      ; FLEX10K                                      ;
+-----------------------------+----------------------------------------------+


+------------------------------------------------------------------------------------------------+
; Analysis & Synthesis Settings                                                                  ;
+--------------------------------------------------------------+-----------------+---------------+
; Option                                                       ; Setting         ; Default Value ;
+--------------------------------------------------------------+-----------------+---------------+
; Device                                                       ; EPF10K20TC144-4 ;               ;
; Top-level entity name                                        ; dds_top         ; dds_top       ;
; Family name                                                  ; FLEX10K         ; Stratix II    ;
; Use Generated Physical Constraints File                      ; Off             ;               ;
; Use smart compilation                                        ; Off             ; Off           ;
; Create Debugging Nodes for IP Cores                          ; Off             ; Off           ;
; Preserve fewer node names                                    ; On              ; On            ;
; Disable OpenCore Plus hardware evaluation                    ; Off             ; Off           ;
; Verilog Version                                              ; Verilog_2001    ; Verilog_2001  ;
; VHDL Version                                                 ; VHDL93          ; VHDL93        ;
; State Machine Processing                                     ; Auto            ; Auto          ;
; Safe State Machine                                           ; Off             ; Off           ;
; Extract Verilog State Machines                               ; On              ; On            ;
; Extract VHDL State Machines                                  ; On              ; On            ;
; Ignore Verilog initial constructs                            ; Off             ; Off           ;
; Iteration limit for constant Verilog loops                   ; 5000            ; 5000          ;
; Iteration limit for non-constant Verilog loops               ; 250             ; 250           ;
; Add Pass-Through Logic to Inferred RAMs                      ; On              ; On            ;
; Parallel Synthesis                                           ; Off             ; Off           ;
; NOT Gate Push-Back                                           ; On              ; On            ;
; Power-Up Don't Care                                          ; On              ; On            ;
; Remove Redundant Logic Cells                                 ; Off             ; Off           ;
; Remove Duplicate Registers                                   ; On              ; On            ;
; Ignore CARRY Buffers                                         ; Off             ; Off           ;
; Ignore CASCADE Buffers                                       ; Off             ; Off           ;
; Ignore GLOBAL Buffers                                        ; Off             ; Off           ;
; Ignore ROW GLOBAL Buffers                                    ; Off             ; Off           ;
; Ignore LCELL Buffers                                         ; Off             ; Off           ;
; Ignore SOFT Buffers                                          ; On              ; On            ;
; Limit AHDL Integers to 32 Bits                               ; Off             ; Off           ;
; Auto Implement in ROM                                        ; Off             ; Off           ;
; Optimization Technique                                       ; Area            ; Area          ;
; Carry Chain Length                                           ; 32              ; 32            ;
; Cascade Chain Length                                         ; 2               ; 2             ;
; Auto Carry Chains                                            ; On              ; On            ;
; Auto Open-Drain Pins                                         ; On              ; On            ;
; Auto ROM Replacement                                         ; On              ; On            ;
; Auto RAM Replacement                                         ; On              ; On            ;
; Auto Clock Enable Replacement                                ; On              ; On            ;
; Strict RAM Replacement                                       ; Off             ; Off           ;
; Auto Resource Sharing                                        ; Off             ; Off           ;
; Allow Any RAM Size For Recognition                           ; Off             ; Off           ;
; Allow Any ROM Size For Recognition                           ; Off             ; Off           ;
; Use LogicLock Constraints during Resource Balancing          ; On              ; On            ;
; Ignore translate_off and synthesis_off directives            ; Off             ; Off           ;
; Show Parameter Settings Tables in Synthesis Report           ; On              ; On            ;
; HDL message level                                            ; Level2          ; Level2        ;
; Suppress Register Optimization Related Messages              ; Off             ; Off           ;
; Number of Removed Registers Reported in Synthesis Report     ; 100             ; 100           ;
; Number of Inverted Registers Reported in Synthesis Report    ; 100             ; 100           ;
; Block Design Naming                                          ; Auto            ; Auto          ;
; Synthesis Effort                                             ; Auto            ; Auto          ;
; Shift Register Replacement - Allow Asynchronous Clear Signal ; On              ; On            ;
; Analysis & Synthesis Message Level                           ; Medium          ; Medium        ;
+--------------------------------------------------------------+-----------------+---------------+


+----------------------------------------------------------------------------------------------------------------------------------+
; Analysis & Synthesis Source Files Read                                                                                           ;
+----------------------------------+-----------------+-----------------+-----------------------------------------------------------+
; File Name with User-Entered Path ; Used in Netlist ; File Type       ; File Name with Absolute Path                              ;
+----------------------------------+-----------------+-----------------+-----------------------------------------------------------+
; wave_rom.vhd                     ; yes             ; User VHDL File  ; D:/lh/大二下/数字系统实验/编码电压/dds_top/wave_rom.vhd   ;
; addrreg.vhd                      ; yes             ; User VHDL File  ; D:/lh/大二下/数字系统实验/编码电压/dds_top/addrreg.vhd    ;
; dds_top.vhd                      ; yes             ; User VHDL File  ; D:/lh/大二下/数字系统实验/编码电压/dds_top/dds_top.vhd    ;
; lpm_rom.tdf                      ; yes             ; Megafunction    ; e:/quartus/quartus/libraries/megafunctions/lpm_rom.tdf    ;
; altrom.inc                       ; yes             ; Megafunction    ; e:/quartus/quartus/libraries/megafunctions/altrom.inc     ;
; aglobal90.inc                    ; yes             ; Megafunction    ; e:/quartus/quartus/libraries/megafunctions/aglobal90.inc  ;
; altrom.tdf                       ; yes             ; Megafunction    ; e:/quartus/quartus/libraries/megafunctions/altrom.tdf     ;
; memmodes.inc                     ; yes             ; Megafunction    ; e:/quartus/quartus/libraries/others/maxplus2/memmodes.inc ;
; lpm_decode.inc                   ; yes             ; Megafunction    ; e:/quartus/quartus/libraries/megafunctions/lpm_decode.inc ;
; lpm_mux.inc                      ; yes             ; Megafunction    ; e:/quartus/quartus/libraries/megafunctions/lpm_mux.inc    ;
; altqpram.inc                     ; yes             ; Megafunction    ; e:/quartus/quartus/libraries/megafunctions/altqpram.inc   ;
; altsyncram.inc                   ; yes             ; Megafunction    ; e:/quartus/quartus/libraries/megafunctions/altsyncram.inc ;
+----------------------------------+-----------------+-----------------+-----------------------------------------------------------+


+-------------------------------+
; Analysis & Synthesis Messages ;
+-------------------------------+
Info: *******************************************************************
Info: Running Quartus II Analysis & Synthesis
    Info: Version 9.0 Build 184 04/29/2009 Service Pack 1 SJ Web Edition
    Info: Processing started: Sun Apr 25 21:03:15 2021
Info: Command: quartus_map --read_settings_files=on --write_settings_files=off dds_top -c dds_top
Info: Found 2 design units, including 1 entities, in source file wave_rom.vhd
    Info: Found design unit 1: wave_rom-syn
    Info: Found entity 1: wave_rom
Info: Found 2 design units, including 1 entities, in source file addrreg.vhd
    Info: Found design unit 1: addrreg-rtl
    Info: Found entity 1: addrreg
Info: Found 2 design units, including 1 entities, in source file dds_top.vhd
    Info: Found design unit 1: dds_top-arc
    Info: Found entity 1: dds_top
Info: Elaborating entity "dds_top" for the top level hierarchy
Info: Elaborating entity "addrreg" for hierarchy "addrreg:inst"
Info: Elaborating entity "wave_rom" for hierarchy "wave_rom:inst1"
Info: Elaborating entity "lpm_rom" for hierarchy "wave_rom:inst1|lpm_rom:lpm_rom_component"
Info: Elaborated megafunction instantiation "wave_rom:inst1|lpm_rom:lpm_rom_component"
Info: Instantiated megafunction "wave_rom:inst1|lpm_rom:lpm_rom_component" with the following parameter:
    Info: Parameter "intended_device_family" = "flex10k"
    Info: Parameter "lpm_address_control" = "unregistered"
    Info: Parameter "lpm_file" = "dds_top.mif"
    Info: Parameter "lpm_outdata" = "unregistered"
    Info: Parameter "lpm_type" = "lpm_rom"
    Info: Parameter "lpm_width" = "8"
    Info: Parameter "lpm_widthad" = "10"
Info: Elaborating entity "altrom" for hierarchy "wave_rom:inst1|lpm_rom:lpm_rom_component|altrom:srom"
Error: Address at line 8 exceeds the specified depth (1024) in the Memory Initialization File "dds_top.mif" File: D:/lh/大二下/数字系统实验/编码电压/dds_top/dds_top.mif Line: 8
Error: Memory Initialization File or Hexadecimal (Intel-Format) File "dds_top.mif" contains illegal syntax at line 8 File: D:/lh/大二下/数字系统实验/编码电压/dds_top/dds_top.mif Line: 8
Error: Can't read Memory Initialization File or Hexadecimal (Intel-Format) File dds_top.mif for ROM instance . If the file exists, it is not in correct format. File: e:/quartus/quartus/libraries/megafunctions/altrom.tdf Line: 129
Error: Can't elaborate user hierarchy "wave_rom:inst1|lpm_rom:lpm_rom_component|altrom:srom" File: e:/quartus/quartus/libraries/megafunctions/lpm_rom.tdf Line: 60
Info: Elaborated megafunction instantiation "wave_rom:inst1|lpm_rom:lpm_rom_component|altrom:srom", which is child of megafunction instantiation "wave_rom:inst1|lpm_rom:lpm_rom_component"
Error: Quartus II Analysis & Synthesis was unsuccessful. 4 errors, 0 warnings
    Error: Peak virtual memory: 242 megabytes
    Error: Processing ended: Sun Apr 25 21:03:15 2021
    Error: Elapsed time: 00:00:00
    Error: Total CPU time (on all processors): 00:00:01


