Flow report for dds_top
Sun Apr 25 21:03:15 2021
Quartus II Version 9.0 Build 184 04/29/2009 Service Pack 1 SJ Web Edition


---------------------
; Table of Contents ;
---------------------
  1. Legal Notice
  2. Flow Summary
  3. Flow Settings
  4. Flow Non-Default Global Settings
  5. Flow Elapsed Time
  6. Flow OS Summary
  7. Flow Log



----------------
; Legal Notice ;
----------------
Copyright (C) 1991-2009 Altera Corporation
Your use of Altera Corporation's design tools, logic functions 
and other software and tools, and its AMPP partner logic 
functions, and any output files from any of the foregoing 
(including device programming or simulation files), and any 
associated documentation or information are expressly subject 
to the terms and conditions of the Altera Program License 
Subscription Agreement, Altera MegaCore Function License 
Agreement, or other applicable license agreement, including, 
without limitation, that your use is for the sole purpose of 
programming logic devices manufactured by Altera and sold by 
Altera or its authorized distributors.  Please refer to the 
applicable agreement for further details.



+------------------------------------------------------------------------+
; Flow Summary                                                           ;
+-------------------------+----------------------------------------------+
; Flow Status             ; Flow Failed - Sun Apr 25 21:03:15 2021       ;
; Quartus II Version      ; 9.0 Build 184 04/29/2009 SP 1 SJ Web Edition ;
; Revision Name           ; dds_top                                      ;
; Top-level Entity Name   ; dds_top                                      ;
; Family                  ; FLEX10K                                      ;
; Device                  ; EPF10K20TC144-4                              ;
; Timing Models           ; Final                                        ;
; Met timing requirements ; N/A                                          ;
+-------------------------+----------------------------------------------+


+-----------------------------------------+
; Flow Settings                           ;
+-------------------+---------------------+
; Option            ; Setting             ;
+-------------------+---------------------+
; Start date & time ; 04/25/2021 21:03:15 ;
; Main task         ; Compilation         ;
; Revision Name     ; dds_top             ;
+-------------------+---------------------+


+-----------------------------------------------------------------------------------------------------------------------------------------------------------+
; Flow Non-Default Global Settings                                                                                                                          ;
+------------------------------------+--------------------------------------------------------+------------------------------+-------------+----------------+
; Assignment Name                    ; Value                                                  ; Default Value                ; Entity Name ; Section Id     ;
+------------------------------------+--------------------------------------------------------+------------------------------+-------------+----------------+
; COMPILER_SIGNATURE_ID              ; 158846174485148.161935579513908                        ; --                           ; --          ; --             ;
; FITTER_EFFORT                      ; Standard Fit                                           ; Auto Fit                     ; --          ; --             ;
; INCREMENTAL_COMPILATION            ; Off                                                    ; FULL_INCREMENTAL_COMPILATION ; --          ; --             ;
; MISC_FILE                          ; D:/lh/大二下/数字系统实验/编码电压/dds_top/dds_top.dpf ; --                           ; --          ; --             ;
; OPTIMIZE_HOLD_TIMING               ; IO Paths and Minimum TPD Paths                         ; --                           ; --          ; --             ;
; PARTITION_COLOR                    ; 16764057                                               ; --                           ; --          ; Top            ;
; PARTITION_NETLIST_TYPE             ; SOURCE                                                 ; --                           ; --          ; Top            ;
; USE_GENERATED_PHYSICAL_CONSTRAINTS ; Off                                                    ; --                           ; --          ; eda_blast_fpga ;
+------------------------------------+--------------------------------------------------------+------------------------------+-------------+----------------+


+--------------------------------------------------------------------------------------------------------------------------+
; Flow Elapsed Time                                                                                                        ;
+----------------------+--------------+-------------------------+---------------------+------------------------------------+
; Module Name          ; Elapsed Time ; Average Processors Used ; Peak Virtual Memory ; Total CPU Time (on all processors) ;
+----------------------+--------------+-------------------------+---------------------+------------------------------------+
; Analysis & Synthesis ; 00:00:00     ; 1.0                     ; 242 MB              ; 00:00:01                           ;
; Total                ; 00:00:00     ; --                      ; --                  ; 00:00:01                           ;
+----------------------+--------------+-------------------------+---------------------+------------------------------------+


+---------------------------------------------------------------------------------------+
; Flow OS Summary                                                                       ;
+----------------------+------------------+---------------+------------+----------------+
; Module Name          ; Machine Hostname ; OS Name       ; OS Version ; Processor type ;
+----------------------+------------------+---------------+------------+----------------+
; Analysis & Synthesis ; DESKTOP-J89UOJC  ; Windows Vista ; 6.2        ; x86_64         ;
+----------------------+------------------+---------------+------------+----------------+


------------
; Flow Log ;
------------
quartus_map --read_settings_files=on --write_settings_files=off dds_top -c dds_top



