Flow report for decoder2-3
Mon Mar 08 15:20:30 2021
Quartus II Version 9.0 Build 184 04/29/2009 Service Pack 1 SJ Web Edition


---------------------
; Table of Contents ;
---------------------
  1. Legal Notice
  2. Flow Summary
  3. Flow Settings
  4. Flow Non-Default Global Settings
  5. Flow Elapsed Time
  6. Flow OS Summary
  7. Flow Log



----------------
; Legal Notice ;
----------------
Copyright (C) 1991-2009 Altera Corporation
Your use of Altera Corporation's design tools, logic functions 
and other software and tools, and its AMPP partner logic 
functions, and any output files from any of the foregoing 
(including device programming or simulation files), and any 
associated documentation or information are expressly subject 
to the terms and conditions of the Altera Program License 
Subscription Agreement, Altera MegaCore Function License 
Agreement, or other applicable license agreement, including, 
without limitation, that your use is for the sole purpose of 
programming logic devices manufactured by Altera and sold by 
Altera or its authorized distributors.  Please refer to the 
applicable agreement for further details.



+------------------------------------------------------------------------+
; Flow Summary                                                           ;
+-------------------------+----------------------------------------------+
; Flow Status             ; Successful - Mon Mar 08 15:20:30 2021        ;
; Quartus II Version      ; 9.0 Build 184 04/29/2009 SP 1 SJ Web Edition ;
; Revision Name           ; decoder2-3                                   ;
; Top-level Entity Name   ; decoder2-3                                   ;
; Family                  ; FLEX10K                                      ;
; Device                  ; EPF10K20TI144-4                              ;
; Timing Models           ; Final                                        ;
; Met timing requirements ; Yes                                          ;
; Total logic elements    ; 3 / 1,152 ( < 1 % )                          ;
; Total pins              ; 5 / 102 ( 5 % )                              ;
; Total memory bits       ; 0 / 12,288 ( 0 % )                           ;
+-------------------------+----------------------------------------------+


+-----------------------------------------+
; Flow Settings                           ;
+-------------------+---------------------+
; Option            ; Setting             ;
+-------------------+---------------------+
; Start date & time ; 03/08/2021 15:20:25 ;
; Main task         ; Compilation         ;
; Revision Name     ; decoder2-3          ;
+-------------------+---------------------+


+-------------------------------------------------------------------------------------------------------------------+
; Flow Non-Default Global Settings                                                                                  ;
+------------------------------------+-------------------------------+---------------+-------------+----------------+
; Assignment Name                    ; Value                         ; Default Value ; Entity Name ; Section Id     ;
+------------------------------------+-------------------------------+---------------+-------------+----------------+
; COMPILER_SIGNATURE_ID              ; 1098081094877.161518802510820 ; --            ; --          ; --             ;
; MAX_CORE_JUNCTION_TEMP             ; 85                            ; --            ; --          ; --             ;
; MIN_CORE_JUNCTION_TEMP             ; 0                             ; --            ; --          ; --             ;
; USE_GENERATED_PHYSICAL_CONSTRAINTS ; Off                           ; --            ; --          ; eda_blast_fpga ;
+------------------------------------+-------------------------------+---------------+-------------+----------------+


+-----------------------------------------------------------------------------------------------------------------------------+
; Flow Elapsed Time                                                                                                           ;
+-------------------------+--------------+-------------------------+---------------------+------------------------------------+
; Module Name             ; Elapsed Time ; Average Processors Used ; Peak Virtual Memory ; Total CPU Time (on all processors) ;
+-------------------------+--------------+-------------------------+---------------------+------------------------------------+
; Analysis & Synthesis    ; 00:00:01     ; 1.0                     ; 220 MB              ; 00:00:01                           ;
; Fitter                  ; 00:00:01     ; 1.0                     ; 219 MB              ; 00:00:01                           ;
; Assembler               ; 00:00:00     ; 1.0                     ; 204 MB              ; 00:00:00                           ;
; Classic Timing Analyzer ; 00:00:01     ; 1.0                     ; 174 MB              ; 00:00:00                           ;
; Total                   ; 00:00:03     ; --                      ; --                  ; 00:00:02                           ;
+-------------------------+--------------+-------------------------+---------------------+------------------------------------+


+------------------------------------------------------------------------------------------+
; Flow OS Summary                                                                          ;
+-------------------------+------------------+---------------+------------+----------------+
; Module Name             ; Machine Hostname ; OS Name       ; OS Version ; Processor type ;
+-------------------------+------------------+---------------+------------+----------------+
; Analysis & Synthesis    ; LAPTOP-EUMHUORA  ; Windows Vista ; 6.2        ; x86_64         ;
; Fitter                  ; LAPTOP-EUMHUORA  ; Windows Vista ; 6.2        ; x86_64         ;
; Assembler               ; LAPTOP-EUMHUORA  ; Windows Vista ; 6.2        ; x86_64         ;
; Classic Timing Analyzer ; LAPTOP-EUMHUORA  ; Windows Vista ; 6.2        ; x86_64         ;
+-------------------------+------------------+---------------+------------+----------------+


------------
; Flow Log ;
------------
quartus_map --read_settings_files=on --write_settings_files=off decoder2-3 -c decoder2-3
quartus_fit --read_settings_files=off --write_settings_files=off decoder2-3 -c decoder2-3
quartus_asm --read_settings_files=off --write_settings_files=off decoder2-3 -c decoder2-3
quartus_tan --read_settings_files=off --write_settings_files=off decoder2-3 -c decoder2-3



