Classic Timing Analyzer report for counter4
Fri Mar 12 01:00:13 2021
Quartus II Version 9.0 Build 184 04/29/2009 Service Pack 1 SJ Web Edition


---------------------
; Table of Contents ;
---------------------
  1. Legal Notice
  2. Timing Analyzer Summary
  3. Timing Analyzer Settings
  4. Clock Settings Summary
  5. Parallel Compilation
  6. Clock Setup: 'clk'
  7. tco
  8. Timing Analyzer Messages



----------------
; Legal Notice ;
----------------
Copyright (C) 1991-2009 Altera Corporation
Your use of Altera Corporation's design tools, logic functions 
and other software and tools, and its AMPP partner logic 
functions, and any output files from any of the foregoing 
(including device programming or simulation files), and any 
associated documentation or information are expressly subject 
to the terms and conditions of the Altera Program License 
Subscription Agreement, Altera MegaCore Function License 
Agreement, or other applicable license agreement, including, 
without limitation, that your use is for the sole purpose of 
programming logic devices manufactured by Altera and sold by 
Altera or its authorized distributors.  Please refer to the 
applicable agreement for further details.



+---------------------------------------------------------------------------------------------------------------------------------------------------------------------------------+
; Timing Analyzer Summary                                                                                                                                                         ;
+------------------------------+-------+---------------+------------------------------------------------+--------------------------+-------+------------+----------+--------------+
; Type                         ; Slack ; Required Time ; Actual Time                                    ; From                     ; To    ; From Clock ; To Clock ; Failed Paths ;
+------------------------------+-------+---------------+------------------------------------------------+--------------------------+-------+------------+----------+--------------+
; Worst-case tco               ; N/A   ; None          ; 6.860 ns                                       ; 74161:inst|f74161:sub|87 ; q[1]  ; clk        ; --       ; 0            ;
; Clock Setup: 'clk'           ; N/A   ; None          ; Restricted to 340.02 MHz ( period = 2.941 ns ) ; 74161:inst|f74161:sub|87 ; inst4 ; clk        ; clk      ; 0            ;
; Total number of failed paths ;       ;               ;                                                ;                          ;       ;            ;          ; 0            ;
+------------------------------+-------+---------------+------------------------------------------------+--------------------------+-------+------------+----------+--------------+


+--------------------------------------------------------------------------------------------------------------------+
; Timing Analyzer Settings                                                                                           ;
+---------------------------------------------------------------------+--------------------+------+----+-------------+
; Option                                                              ; Setting            ; From ; To ; Entity Name ;
+---------------------------------------------------------------------+--------------------+------+----+-------------+
; Device Name                                                         ; EP2C5T144C8        ;      ;    ;             ;
; Timing Models                                                       ; Final              ;      ;    ;             ;
; Default hold multicycle                                             ; Same as Multicycle ;      ;    ;             ;
; Cut paths between unrelated clock domains                           ; On                 ;      ;    ;             ;
; Cut off read during write signal paths                              ; On                 ;      ;    ;             ;
; Cut off feedback from I/O pins                                      ; On                 ;      ;    ;             ;
; Report Combined Fast/Slow Timing                                    ; Off                ;      ;    ;             ;
; Ignore Clock Settings                                               ; Off                ;      ;    ;             ;
; Analyze latches as synchronous elements                             ; On                 ;      ;    ;             ;
; Enable Recovery/Removal analysis                                    ; Off                ;      ;    ;             ;
; Enable Clock Latency                                                ; Off                ;      ;    ;             ;
; Use TimeQuest Timing Analyzer                                       ; Off                ;      ;    ;             ;
; Minimum Core Junction Temperature                                   ; 0                  ;      ;    ;             ;
; Maximum Core Junction Temperature                                   ; 85                 ;      ;    ;             ;
; Number of source nodes to report per destination node               ; 10                 ;      ;    ;             ;
; Number of destination nodes to report                               ; 10                 ;      ;    ;             ;
; Number of paths to report                                           ; 200                ;      ;    ;             ;
; Report Minimum Timing Checks                                        ; Off                ;      ;    ;             ;
; Use Fast Timing Models                                              ; Off                ;      ;    ;             ;
; Report IO Paths Separately                                          ; Off                ;      ;    ;             ;
; Perform Multicorner Analysis                                        ; On                 ;      ;    ;             ;
; Reports the worst-case path for each clock domain and analysis      ; Off                ;      ;    ;             ;
; Removes common clock path pessimism (CCPP) during slack computation ; Off                ;      ;    ;             ;
; Output I/O Timing Endpoint                                          ; Near End           ;      ;    ;             ;
+---------------------------------------------------------------------+--------------------+------+----+-------------+


+------------------------------------------------------------------------------------------------------------------------------------------------------------------------------------+
; Clock Settings Summary                                                                                                                                                             ;
+-----------------+--------------------+----------+------------------+---------------+--------------+----------+-----------------------+---------------------+--------+--------------+
; Clock Node Name ; Clock Setting Name ; Type     ; Fmax Requirement ; Early Latency ; Late Latency ; Based on ; Multiply Base Fmax by ; Divide Base Fmax by ; Offset ; Phase offset ;
+-----------------+--------------------+----------+------------------+---------------+--------------+----------+-----------------------+---------------------+--------+--------------+
; clk             ;                    ; User Pin ; None             ; 0.000 ns      ; 0.000 ns     ; --       ; N/A                   ; N/A                 ; N/A    ;              ;
+-----------------+--------------------+----------+------------------+---------------+--------------+----------+-----------------------+---------------------+--------+--------------+


Parallel compilation was disabled, but you have multiple processors available. Enable parallel compilation to reduce compilation time.
+-------------------------------------+
; Parallel Compilation                ;
+----------------------------+--------+
; Processors                 ; Number ;
+----------------------------+--------+
; Number detected on machine ; 8      ;
; Maximum allowed            ; 1      ;
+----------------------------+--------+


+--------------------------------------------------------------------------------------------------------------------------------------------------------------------------------------------------------------------------+
; Clock Setup: 'clk'                                                                                                                                                                                                       ;
+-------+------------------------------------------------+--------------------------+--------------------------+------------+----------+-----------------------------+---------------------------+-------------------------+
; Slack ; Actual fmax (period)                           ; From                     ; To                       ; From Clock ; To Clock ; Required Setup Relationship ; Required Longest P2P Time ; Actual Longest P2P Time ;
+-------+------------------------------------------------+--------------------------+--------------------------+------------+----------+-----------------------------+---------------------------+-------------------------+
; N/A   ; Restricted to 340.02 MHz ( period = 2.941 ns ) ; 74161:inst|f74161:sub|87 ; inst4                    ; clk        ; clk      ; None                        ; None                      ; 0.919 ns                ;
; N/A   ; Restricted to 340.02 MHz ( period = 2.941 ns ) ; 74161:inst|f74161:sub|9  ; 74161:inst|f74161:sub|87 ; clk        ; clk      ; None                        ; None                      ; 0.757 ns                ;
; N/A   ; Restricted to 340.02 MHz ( period = 2.941 ns ) ; 74161:inst|f74161:sub|9  ; inst4                    ; clk        ; clk      ; None                        ; None                      ; 0.756 ns                ;
; N/A   ; Restricted to 340.02 MHz ( period = 2.941 ns ) ; 74161:inst|f74161:sub|87 ; 74161:inst|f74161:sub|87 ; clk        ; clk      ; None                        ; None                      ; 0.501 ns                ;
; N/A   ; Restricted to 340.02 MHz ( period = 2.941 ns ) ; 74161:inst|f74161:sub|9  ; 74161:inst|f74161:sub|9  ; clk        ; clk      ; None                        ; None                      ; 0.501 ns                ;
+-------+------------------------------------------------+--------------------------+--------------------------+------------+----------+-----------------------------+---------------------------+-------------------------+


+----------------------------------------------------------------------------------+
; tco                                                                              ;
+-------+--------------+------------+--------------------------+------+------------+
; Slack ; Required tco ; Actual tco ; From                     ; To   ; From Clock ;
+-------+--------------+------------+--------------------------+------+------------+
; N/A   ; None         ; 6.860 ns   ; 74161:inst|f74161:sub|87 ; q[1] ; clk        ;
; N/A   ; None         ; 6.858 ns   ; 74161:inst|f74161:sub|9  ; q[0] ; clk        ;
+-------+--------------+------------+--------------------------+------+------------+


+--------------------------+
; Timing Analyzer Messages ;
+--------------------------+
Info: *******************************************************************
Info: Running Quartus II Classic Timing Analyzer
    Info: Version 9.0 Build 184 04/29/2009 Service Pack 1 SJ Web Edition
    Info: Processing started: Fri Mar 12 01:00:13 2021
Info: Command: quartus_tan --read_settings_files=off --write_settings_files=off counter4 -c counter4 --timing_analysis_only
Warning: Found pins functioning as undefined clocks and/or memory enables
    Info: Assuming node "clk" is an undefined clock
Info: Clock "clk" Internal fmax is restricted to 340.02 MHz between source register "74161:inst|f74161:sub|87" and destination register "inst4"
    Info: fmax restricted to clock pin edge rate 2.941 ns. Expand message to see actual delay path.
        Info: + Longest register to register delay is 0.919 ns
            Info: 1: + IC(0.000 ns) + CELL(0.000 ns) = 0.000 ns; Loc. = LCFF_X27_Y11_N9; Fanout = 3; REG Node = '74161:inst|f74161:sub|87'
            Info: 2: + IC(0.441 ns) + CELL(0.370 ns) = 0.811 ns; Loc. = LCCOMB_X27_Y11_N12; Fanout = 1; COMB Node = 'inst1'
            Info: 3: + IC(0.000 ns) + CELL(0.108 ns) = 0.919 ns; Loc. = LCFF_X27_Y11_N13; Fanout = 1; REG Node = 'inst4'
            Info: Total cell delay = 0.478 ns ( 52.01 % )
            Info: Total interconnect delay = 0.441 ns ( 47.99 % )
        Info: - Smallest clock skew is 0.000 ns
            Info: + Shortest clock path from clock "clk" to destination register is 2.780 ns
                Info: 1: + IC(0.000 ns) + CELL(1.110 ns) = 1.110 ns; Loc. = PIN_91; Fanout = 1; CLK Node = 'clk'
                Info: 2: + IC(0.143 ns) + CELL(0.000 ns) = 1.253 ns; Loc. = CLKCTRL_G6; Fanout = 3; COMB Node = 'clk~clkctrl'
                Info: 3: + IC(0.861 ns) + CELL(0.666 ns) = 2.780 ns; Loc. = LCFF_X27_Y11_N13; Fanout = 1; REG Node = 'inst4'
                Info: Total cell delay = 1.776 ns ( 63.88 % )
                Info: Total interconnect delay = 1.004 ns ( 36.12 % )
            Info: - Longest clock path from clock "clk" to source register is 2.780 ns
                Info: 1: + IC(0.000 ns) + CELL(1.110 ns) = 1.110 ns; Loc. = PIN_91; Fanout = 1; CLK Node = 'clk'
                Info: 2: + IC(0.143 ns) + CELL(0.000 ns) = 1.253 ns; Loc. = CLKCTRL_G6; Fanout = 3; COMB Node = 'clk~clkctrl'
                Info: 3: + IC(0.861 ns) + CELL(0.666 ns) = 2.780 ns; Loc. = LCFF_X27_Y11_N9; Fanout = 3; REG Node = '74161:inst|f74161:sub|87'
                Info: Total cell delay = 1.776 ns ( 63.88 % )
                Info: Total interconnect delay = 1.004 ns ( 36.12 % )
        Info: + Micro clock to output delay of source is 0.304 ns
        Info: + Micro setup delay of destination is -0.040 ns
Info: tco from clock "clk" to destination pin "q[1]" through register "74161:inst|f74161:sub|87" is 6.860 ns
    Info: + Longest clock path from clock "clk" to source register is 2.780 ns
        Info: 1: + IC(0.000 ns) + CELL(1.110 ns) = 1.110 ns; Loc. = PIN_91; Fanout = 1; CLK Node = 'clk'
        Info: 2: + IC(0.143 ns) + CELL(0.000 ns) = 1.253 ns; Loc. = CLKCTRL_G6; Fanout = 3; COMB Node = 'clk~clkctrl'
        Info: 3: + IC(0.861 ns) + CELL(0.666 ns) = 2.780 ns; Loc. = LCFF_X27_Y11_N9; Fanout = 3; REG Node = '74161:inst|f74161:sub|87'
        Info: Total cell delay = 1.776 ns ( 63.88 % )
        Info: Total interconnect delay = 1.004 ns ( 36.12 % )
    Info: + Micro clock to output delay of source is 0.304 ns
    Info: + Longest register to pin delay is 3.776 ns
        Info: 1: + IC(0.000 ns) + CELL(0.000 ns) = 0.000 ns; Loc. = LCFF_X27_Y11_N9; Fanout = 3; REG Node = '74161:inst|f74161:sub|87'
        Info: 2: + IC(0.720 ns) + CELL(3.056 ns) = 3.776 ns; Loc. = PIN_101; Fanout = 0; PIN Node = 'q[1]'
        Info: Total cell delay = 3.056 ns ( 80.93 % )
        Info: Total interconnect delay = 0.720 ns ( 19.07 % )
Info: Quartus II Classic Timing Analyzer was successful. 0 errors, 1 warning
    Info: Peak virtual memory: 191 megabytes
    Info: Processing ended: Fri Mar 12 01:00:13 2021
    Info: Elapsed time: 00:00:00
    Info: Total CPU time (on all processors): 00:00:00


