Classic Timing Analyzer report for scan_led
Mon Mar 08 17:41:04 2021
Quartus II Version 9.0 Build 184 04/29/2009 Service Pack 1 SJ Web Edition


---------------------
; Table of Contents ;
---------------------
  1. Legal Notice
  2. Timing Analyzer Summary
  3. Timing Analyzer Settings
  4. Clock Settings Summary
  5. Parallel Compilation
  6. Clock Setup: 'clock'
  7. tco
  8. tpd
  9. Timing Analyzer Messages



----------------
; Legal Notice ;
----------------
Copyright (C) 1991-2009 Altera Corporation
Your use of Altera Corporation's design tools, logic functions 
and other software and tools, and its AMPP partner logic 
functions, and any output files from any of the foregoing 
(including device programming or simulation files), and any 
associated documentation or information are expressly subject 
to the terms and conditions of the Altera Program License 
Subscription Agreement, Altera MegaCore Function License 
Agreement, or other applicable license agreement, including, 
without limitation, that your use is for the sole purpose of 
programming logic devices manufactured by Altera and sold by 
Altera or its authorized distributors.  Please refer to the 
applicable agreement for further details.



+---------------------------------------------------------------------------------------------------------------------------------------------------------------------------------------------------------------------------------+
; Timing Analyzer Summary                                                                                                                                                                                                         ;
+------------------------------+-------+---------------+------------------------------------------------+----------------------------------------+-----------------------------------------+------------+----------+--------------+
; Type                         ; Slack ; Required Time ; Actual Time                                    ; From                                   ; To                                      ; From Clock ; To Clock ; Failed Paths ;
+------------------------------+-------+---------------+------------------------------------------------+----------------------------------------+-----------------------------------------+------------+----------+--------------+
; Worst-case tco               ; N/A   ; None          ; 30.300 ns                                      ; counter4:inst2|74161:inst|f74161:sub|9 ; qa                                      ; clock      ; --       ; 0            ;
; Worst-case tpd               ; N/A   ; None          ; 23.800 ns                                      ; b[2]                                   ; qa                                      ; --         ; --       ; 0            ;
; Clock Setup: 'clock'         ; N/A   ; None          ; Restricted to 125.00 MHz ( period = 8.000 ns ) ; counter4:inst2|74161:inst|f74161:sub|9 ; counter4:inst2|74161:inst|f74161:sub|87 ; clock      ; clock    ; 0            ;
; Total number of failed paths ;       ;               ;                                                ;                                        ;                                         ;            ;          ; 0            ;
+------------------------------+-------+---------------+------------------------------------------------+----------------------------------------+-----------------------------------------+------------+----------+--------------+


+--------------------------------------------------------------------------------------------------------------------+
; Timing Analyzer Settings                                                                                           ;
+---------------------------------------------------------------------+--------------------+------+----+-------------+
; Option                                                              ; Setting            ; From ; To ; Entity Name ;
+---------------------------------------------------------------------+--------------------+------+----+-------------+
; Device Name                                                         ; EPF10K20TI144-4    ;      ;    ;             ;
; Timing Models                                                       ; Final              ;      ;    ;             ;
; Default hold multicycle                                             ; Same as Multicycle ;      ;    ;             ;
; Cut paths between unrelated clock domains                           ; On                 ;      ;    ;             ;
; Cut off read during write signal paths                              ; On                 ;      ;    ;             ;
; Cut off feedback from I/O pins                                      ; On                 ;      ;    ;             ;
; Report Combined Fast/Slow Timing                                    ; Off                ;      ;    ;             ;
; Ignore Clock Settings                                               ; Off                ;      ;    ;             ;
; Analyze latches as synchronous elements                             ; On                 ;      ;    ;             ;
; Enable Recovery/Removal analysis                                    ; Off                ;      ;    ;             ;
; Enable Clock Latency                                                ; Off                ;      ;    ;             ;
; Use TimeQuest Timing Analyzer                                       ; Off                ;      ;    ;             ;
; Minimum Core Junction Temperature                                   ; 0                  ;      ;    ;             ;
; Maximum Core Junction Temperature                                   ; 85                 ;      ;    ;             ;
; Number of source nodes to report per destination node               ; 10                 ;      ;    ;             ;
; Number of destination nodes to report                               ; 10                 ;      ;    ;             ;
; Number of paths to report                                           ; 200                ;      ;    ;             ;
; Report Minimum Timing Checks                                        ; Off                ;      ;    ;             ;
; Use Fast Timing Models                                              ; Off                ;      ;    ;             ;
; Report IO Paths Separately                                          ; Off                ;      ;    ;             ;
; Perform Multicorner Analysis                                        ; Off                ;      ;    ;             ;
; Reports the worst-case path for each clock domain and analysis      ; Off                ;      ;    ;             ;
; Removes common clock path pessimism (CCPP) during slack computation ; Off                ;      ;    ;             ;
; Output I/O Timing Endpoint                                          ; Near End           ;      ;    ;             ;
+---------------------------------------------------------------------+--------------------+------+----+-------------+


+------------------------------------------------------------------------------------------------------------------------------------------------------------------------------------+
; Clock Settings Summary                                                                                                                                                             ;
+-----------------+--------------------+----------+------------------+---------------+--------------+----------+-----------------------+---------------------+--------+--------------+
; Clock Node Name ; Clock Setting Name ; Type     ; Fmax Requirement ; Early Latency ; Late Latency ; Based on ; Multiply Base Fmax by ; Divide Base Fmax by ; Offset ; Phase offset ;
+-----------------+--------------------+----------+------------------+---------------+--------------+----------+-----------------------+---------------------+--------+--------------+
; clock           ;                    ; User Pin ; None             ; 0.000 ns      ; 0.000 ns     ; --       ; N/A                   ; N/A                 ; N/A    ;              ;
+-----------------+--------------------+----------+------------------+---------------+--------------+----------+-----------------------+---------------------+--------+--------------+


Parallel compilation was disabled, but you have multiple processors available. Enable parallel compilation to reduce compilation time.
+-------------------------------------+
; Parallel Compilation                ;
+----------------------------+--------+
; Processors                 ; Number ;
+----------------------------+--------+
; Number detected on machine ; 8      ;
; Maximum allowed            ; 1      ;
+----------------------------+--------+


+--------------------------------------------------------------------------------------------------------------------------------------------------------------------------------------------------------------------------------------------------------+
; Clock Setup: 'clock'                                                                                                                                                                                                                                   ;
+-------+------------------------------------------------+-----------------------------------------+-----------------------------------------+------------+----------+-----------------------------+---------------------------+-------------------------+
; Slack ; Actual fmax (period)                           ; From                                    ; To                                      ; From Clock ; To Clock ; Required Setup Relationship ; Required Longest P2P Time ; Actual Longest P2P Time ;
+-------+------------------------------------------------+-----------------------------------------+-----------------------------------------+------------+----------+-----------------------------+---------------------------+-------------------------+
; N/A   ; Restricted to 125.00 MHz ( period = 8.000 ns ) ; counter4:inst2|74161:inst|f74161:sub|9  ; counter4:inst2|74161:inst|f74161:sub|87 ; clock      ; clock    ; None                        ; None                      ; 2.500 ns                ;
; N/A   ; Restricted to 125.00 MHz ( period = 8.000 ns ) ; counter4:inst2|74161:inst|f74161:sub|9  ; counter4:inst2|74161:inst|f74161:sub|9  ; clock      ; clock    ; None                        ; None                      ; 2.300 ns                ;
; N/A   ; Restricted to 125.00 MHz ( period = 8.000 ns ) ; counter4:inst2|74161:inst|f74161:sub|87 ; counter4:inst2|inst4                    ; clock      ; clock    ; None                        ; None                      ; 2.300 ns                ;
; N/A   ; Restricted to 125.00 MHz ( period = 8.000 ns ) ; counter4:inst2|74161:inst|f74161:sub|9  ; counter4:inst2|inst4                    ; clock      ; clock    ; None                        ; None                      ; 1.800 ns                ;
; N/A   ; Restricted to 125.00 MHz ( period = 8.000 ns ) ; counter4:inst2|74161:inst|f74161:sub|87 ; counter4:inst2|74161:inst|f74161:sub|87 ; clock      ; clock    ; None                        ; None                      ; 1.800 ns                ;
+-------+------------------------------------------------+-----------------------------------------+-----------------------------------------+------------+----------+-----------------------------+---------------------------+-------------------------+


+-------------------------------------------------------------------------------------------------------+
; tco                                                                                                   ;
+-------+--------------+------------+-----------------------------------------+------------+------------+
; Slack ; Required tco ; Actual tco ; From                                    ; To         ; From Clock ;
+-------+--------------+------------+-----------------------------------------+------------+------------+
; N/A   ; None         ; 30.300 ns  ; counter4:inst2|74161:inst|f74161:sub|9  ; qa         ; clock      ;
; N/A   ; None         ; 30.100 ns  ; counter4:inst2|74161:inst|f74161:sub|87 ; qa         ; clock      ;
; N/A   ; None         ; 29.300 ns  ; counter4:inst2|74161:inst|f74161:sub|9  ; qg         ; clock      ;
; N/A   ; None         ; 29.300 ns  ; counter4:inst2|74161:inst|f74161:sub|9  ; qd         ; clock      ;
; N/A   ; None         ; 29.200 ns  ; counter4:inst2|74161:inst|f74161:sub|9  ; qf         ; clock      ;
; N/A   ; None         ; 29.200 ns  ; counter4:inst2|74161:inst|f74161:sub|9  ; qb         ; clock      ;
; N/A   ; None         ; 29.100 ns  ; counter4:inst2|74161:inst|f74161:sub|87 ; qg         ; clock      ;
; N/A   ; None         ; 29.100 ns  ; counter4:inst2|74161:inst|f74161:sub|87 ; qd         ; clock      ;
; N/A   ; None         ; 29.000 ns  ; counter4:inst2|74161:inst|f74161:sub|87 ; qf         ; clock      ;
; N/A   ; None         ; 29.000 ns  ; counter4:inst2|74161:inst|f74161:sub|87 ; qb         ; clock      ;
; N/A   ; None         ; 28.700 ns  ; counter4:inst2|74161:inst|f74161:sub|9  ; qe         ; clock      ;
; N/A   ; None         ; 28.700 ns  ; counter4:inst2|74161:inst|f74161:sub|9  ; qc         ; clock      ;
; N/A   ; None         ; 28.500 ns  ; counter4:inst2|74161:inst|f74161:sub|87 ; qe         ; clock      ;
; N/A   ; None         ; 28.500 ns  ; counter4:inst2|74161:inst|f74161:sub|87 ; qc         ; clock      ;
; N/A   ; None         ; 15.500 ns  ; counter4:inst2|74161:inst|f74161:sub|87 ; seg_out[0] ; clock      ;
; N/A   ; None         ; 15.400 ns  ; counter4:inst2|74161:inst|f74161:sub|9  ; seg_out[1] ; clock      ;
; N/A   ; None         ; 15.400 ns  ; counter4:inst2|74161:inst|f74161:sub|87 ; seg_out[2] ; clock      ;
; N/A   ; None         ; 14.900 ns  ; counter4:inst2|74161:inst|f74161:sub|87 ; seg_out[1] ; clock      ;
; N/A   ; None         ; 14.900 ns  ; counter4:inst2|74161:inst|f74161:sub|9  ; seg_out[2] ; clock      ;
; N/A   ; None         ; 13.100 ns  ; counter4:inst2|74161:inst|f74161:sub|9  ; se[0]      ; clock      ;
; N/A   ; None         ; 12.500 ns  ; counter4:inst2|74161:inst|f74161:sub|87 ; se[1]      ; clock      ;
+-------+--------------+------------+-----------------------------------------+------------+------------+


+---------------------------------------------------------+
; tpd                                                     ;
+-------+-------------------+-----------------+------+----+
; Slack ; Required P2P Time ; Actual P2P Time ; From ; To ;
+-------+-------------------+-----------------+------+----+
; N/A   ; None              ; 23.800 ns       ; b[2] ; qa ;
; N/A   ; None              ; 23.500 ns       ; a[1] ; qa ;
; N/A   ; None              ; 23.500 ns       ; a[2] ; qa ;
; N/A   ; None              ; 23.300 ns       ; b[0] ; qa ;
; N/A   ; None              ; 23.300 ns       ; a[0] ; qa ;
; N/A   ; None              ; 22.800 ns       ; b[2] ; qg ;
; N/A   ; None              ; 22.800 ns       ; b[0] ; qg ;
; N/A   ; None              ; 22.800 ns       ; a[0] ; qg ;
; N/A   ; None              ; 22.800 ns       ; b[2] ; qd ;
; N/A   ; None              ; 22.800 ns       ; b[0] ; qd ;
; N/A   ; None              ; 22.800 ns       ; a[0] ; qd ;
; N/A   ; None              ; 22.700 ns       ; b[0] ; qf ;
; N/A   ; None              ; 22.700 ns       ; a[0] ; qf ;
; N/A   ; None              ; 22.700 ns       ; b[2] ; qb ;
; N/A   ; None              ; 22.500 ns       ; a[1] ; qg ;
; N/A   ; None              ; 22.500 ns       ; a[2] ; qg ;
; N/A   ; None              ; 22.500 ns       ; a[2] ; qd ;
; N/A   ; None              ; 22.400 ns       ; a[1] ; qf ;
; N/A   ; None              ; 22.400 ns       ; a[1] ; qb ;
; N/A   ; None              ; 22.400 ns       ; a[2] ; qb ;
; N/A   ; None              ; 22.200 ns       ; b[2] ; qf ;
; N/A   ; None              ; 22.200 ns       ; b[2] ; qe ;
; N/A   ; None              ; 22.200 ns       ; b[0] ; qe ;
; N/A   ; None              ; 22.200 ns       ; a[0] ; qe ;
; N/A   ; None              ; 22.200 ns       ; b[2] ; qc ;
; N/A   ; None              ; 22.200 ns       ; b[0] ; qb ;
; N/A   ; None              ; 22.200 ns       ; a[0] ; qb ;
; N/A   ; None              ; 22.000 ns       ; a[1] ; qd ;
; N/A   ; None              ; 21.900 ns       ; a[2] ; qf ;
; N/A   ; None              ; 21.900 ns       ; a[2] ; qe ;
; N/A   ; None              ; 21.900 ns       ; a[1] ; qc ;
; N/A   ; None              ; 21.900 ns       ; a[2] ; qc ;
; N/A   ; None              ; 21.800 ns       ; b[3] ; qa ;
; N/A   ; None              ; 21.800 ns       ; a[3] ; qa ;
; N/A   ; None              ; 21.800 ns       ; b[1] ; qa ;
; N/A   ; None              ; 21.700 ns       ; b[0] ; qc ;
; N/A   ; None              ; 21.700 ns       ; a[0] ; qc ;
; N/A   ; None              ; 21.600 ns       ; c[2] ; qa ;
; N/A   ; None              ; 21.500 ns       ; c[1] ; qa ;
; N/A   ; None              ; 21.400 ns       ; a[1] ; qe ;
; N/A   ; None              ; 20.800 ns       ; b[1] ; qg ;
; N/A   ; None              ; 20.700 ns       ; b[3] ; qf ;
; N/A   ; None              ; 20.700 ns       ; a[3] ; qf ;
; N/A   ; None              ; 20.700 ns       ; b[1] ; qf ;
; N/A   ; None              ; 20.700 ns       ; b[3] ; qb ;
; N/A   ; None              ; 20.700 ns       ; a[3] ; qb ;
; N/A   ; None              ; 20.700 ns       ; b[1] ; qb ;
; N/A   ; None              ; 20.600 ns       ; c[2] ; qg ;
; N/A   ; None              ; 20.600 ns       ; c[2] ; qd ;
; N/A   ; None              ; 20.500 ns       ; c[1] ; qg ;
; N/A   ; None              ; 20.500 ns       ; c[2] ; qb ;
; N/A   ; None              ; 20.400 ns       ; c[1] ; qf ;
; N/A   ; None              ; 20.400 ns       ; c[1] ; qb ;
; N/A   ; None              ; 20.300 ns       ; b[3] ; qg ;
; N/A   ; None              ; 20.300 ns       ; a[3] ; qg ;
; N/A   ; None              ; 20.300 ns       ; b[1] ; qd ;
; N/A   ; None              ; 20.200 ns       ; b[3] ; qc ;
; N/A   ; None              ; 20.200 ns       ; a[3] ; qc ;
; N/A   ; None              ; 20.200 ns       ; b[1] ; qc ;
; N/A   ; None              ; 20.000 ns       ; c[2] ; qf ;
; N/A   ; None              ; 20.000 ns       ; c[2] ; qe ;
; N/A   ; None              ; 20.000 ns       ; c[1] ; qd ;
; N/A   ; None              ; 20.000 ns       ; c[2] ; qc ;
; N/A   ; None              ; 19.900 ns       ; c[1] ; qc ;
; N/A   ; None              ; 19.900 ns       ; c[0] ; qa ;
; N/A   ; None              ; 19.700 ns       ; b[1] ; qe ;
; N/A   ; None              ; 19.400 ns       ; c[0] ; qg ;
; N/A   ; None              ; 19.400 ns       ; c[1] ; qe ;
; N/A   ; None              ; 19.400 ns       ; c[0] ; qd ;
; N/A   ; None              ; 19.300 ns       ; c[0] ; qf ;
; N/A   ; None              ; 18.800 ns       ; c[0] ; qe ;
; N/A   ; None              ; 18.800 ns       ; c[0] ; qb ;
; N/A   ; None              ; 18.400 ns       ; c[3] ; qa ;
; N/A   ; None              ; 18.300 ns       ; c[0] ; qc ;
; N/A   ; None              ; 17.300 ns       ; c[3] ; qf ;
; N/A   ; None              ; 17.300 ns       ; c[3] ; qb ;
; N/A   ; None              ; 16.900 ns       ; c[3] ; qg ;
; N/A   ; None              ; 16.800 ns       ; c[3] ; qc ;
+-------+-------------------+-----------------+------+----+


+--------------------------+
; Timing Analyzer Messages ;
+--------------------------+
Info: *******************************************************************
Info: Running Quartus II Classic Timing Analyzer
    Info: Version 9.0 Build 184 04/29/2009 Service Pack 1 SJ Web Edition
    Info: Processing started: Mon Mar 08 17:41:04 2021
Info: Command: quartus_tan --read_settings_files=off --write_settings_files=off scan_led -c scan_led
Info: Started post-fitting delay annotation
Info: Delay annotation completed successfully
Warning: Found pins functioning as undefined clocks and/or memory enables
    Info: Assuming node "clock" is an undefined clock
Info: Clock "clock" Internal fmax is restricted to 125.0 MHz between source register "counter4:inst2|74161:inst|f74161:sub|9" and destination register "counter4:inst2|74161:inst|f74161:sub|87"
    Info: fmax restricted to Clock High delay (4.0 ns) plus Clock Low delay (4.0 ns) : restricted to 8.0 ns. Expand message to see actual delay path.
        Info: + Longest register to register delay is 2.500 ns
            Info: 1: + IC(0.000 ns) + CELL(0.000 ns) = 0.000 ns; Loc. = LC2_B1; Fanout = 6; REG Node = 'counter4:inst2|74161:inst|f74161:sub|9'
            Info: 2: + IC(0.600 ns) + CELL(1.200 ns) = 1.800 ns; Loc. = LC2_B1; Fanout = 1; COMB Node = 'counter4:inst2|74161:inst|f74161:sub|81'
            Info: 3: + IC(0.000 ns) + CELL(0.700 ns) = 2.500 ns; Loc. = LC3_B1; Fanout = 10; REG Node = 'counter4:inst2|74161:inst|f74161:sub|87'
            Info: Total cell delay = 1.900 ns ( 76.00 % )
            Info: Total interconnect delay = 0.600 ns ( 24.00 % )
        Info: - Smallest clock skew is 0.000 ns
            Info: + Shortest clock path from clock "clock" to destination register is 5.300 ns
                Info: 1: + IC(0.000 ns) + CELL(2.800 ns) = 2.800 ns; Loc. = PIN_55; Fanout = 3; CLK Node = 'clock'
                Info: 2: + IC(2.500 ns) + CELL(0.000 ns) = 5.300 ns; Loc. = LC3_B1; Fanout = 10; REG Node = 'counter4:inst2|74161:inst|f74161:sub|87'
                Info: Total cell delay = 2.800 ns ( 52.83 % )
                Info: Total interconnect delay = 2.500 ns ( 47.17 % )
            Info: - Longest clock path from clock "clock" to source register is 5.300 ns
                Info: 1: + IC(0.000 ns) + CELL(2.800 ns) = 2.800 ns; Loc. = PIN_55; Fanout = 3; CLK Node = 'clock'
                Info: 2: + IC(2.500 ns) + CELL(0.000 ns) = 5.300 ns; Loc. = LC2_B1; Fanout = 6; REG Node = 'counter4:inst2|74161:inst|f74161:sub|9'
                Info: Total cell delay = 2.800 ns ( 52.83 % )
                Info: Total interconnect delay = 2.500 ns ( 47.17 % )
        Info: + Micro clock to output delay of source is 1.100 ns
        Info: + Micro setup delay of destination is 2.500 ns
Info: tco from clock "clock" to destination pin "qa" through register "counter4:inst2|74161:inst|f74161:sub|9" is 30.300 ns
    Info: + Longest clock path from clock "clock" to source register is 5.300 ns
        Info: 1: + IC(0.000 ns) + CELL(2.800 ns) = 2.800 ns; Loc. = PIN_55; Fanout = 3; CLK Node = 'clock'
        Info: 2: + IC(2.500 ns) + CELL(0.000 ns) = 5.300 ns; Loc. = LC2_B1; Fanout = 6; REG Node = 'counter4:inst2|74161:inst|f74161:sub|9'
        Info: Total cell delay = 2.800 ns ( 52.83 % )
        Info: Total interconnect delay = 2.500 ns ( 47.17 % )
    Info: + Micro clock to output delay of source is 1.100 ns
    Info: + Longest register to pin delay is 23.900 ns
        Info: 1: + IC(0.000 ns) + CELL(0.000 ns) = 0.000 ns; Loc. = LC2_B1; Fanout = 6; REG Node = 'counter4:inst2|74161:inst|f74161:sub|9'
        Info: 2: + IC(0.600 ns) + CELL(2.300 ns) = 2.900 ns; Loc. = LC4_B1; Fanout = 5; COMB Node = 'decoder2_3:inst3|74139:inst|33~0'
        Info: 3: + IC(3.600 ns) + CELL(2.300 ns) = 8.800 ns; Loc. = LC7_E6; Fanout = 1; COMB Node = 'mux4_3_1:inst1|dout[2]~12'
        Info: 4: + IC(0.600 ns) + CELL(2.300 ns) = 11.700 ns; Loc. = LC2_E6; Fanout = 7; COMB Node = 'mux4_3_1:inst1|dout[2]~13'
        Info: 5: + IC(2.200 ns) + CELL(2.300 ns) = 16.200 ns; Loc. = LC4_E5; Fanout = 1; COMB Node = '7449:inst|34~0'
        Info: 6: + IC(2.600 ns) + CELL(5.100 ns) = 23.900 ns; Loc. = PIN_88; Fanout = 0; PIN Node = 'qa'
        Info: Total cell delay = 14.300 ns ( 59.83 % )
        Info: Total interconnect delay = 9.600 ns ( 40.17 % )
Info: Longest tpd from source pin "b[2]" to destination pin "qa" is 23.800 ns
    Info: 1: + IC(0.000 ns) + CELL(3.500 ns) = 3.500 ns; Loc. = PIN_27; Fanout = 1; PIN Node = 'b[2]'
    Info: 2: + IC(2.900 ns) + CELL(2.300 ns) = 8.700 ns; Loc. = LC7_E6; Fanout = 1; COMB Node = 'mux4_3_1:inst1|dout[2]~12'
    Info: 3: + IC(0.600 ns) + CELL(2.300 ns) = 11.600 ns; Loc. = LC2_E6; Fanout = 7; COMB Node = 'mux4_3_1:inst1|dout[2]~13'
    Info: 4: + IC(2.200 ns) + CELL(2.300 ns) = 16.100 ns; Loc. = LC4_E5; Fanout = 1; COMB Node = '7449:inst|34~0'
    Info: 5: + IC(2.600 ns) + CELL(5.100 ns) = 23.800 ns; Loc. = PIN_88; Fanout = 0; PIN Node = 'qa'
    Info: Total cell delay = 15.500 ns ( 65.13 % )
    Info: Total interconnect delay = 8.300 ns ( 34.87 % )
Info: Quartus II Classic Timing Analyzer was successful. 0 errors, 1 warning
    Info: Peak virtual memory: 187 megabytes
    Info: Processing ended: Mon Mar 08 17:41:04 2021
    Info: Elapsed time: 00:00:00
    Info: Total CPU time (on all processors): 00:00:00


